<?xml version="1.0" encoding="UTF-8"?>
<!-- Generated by org.testng.reporters.JUnitReportReporter -->
<testsuite hostname="DESKTOP-PU2RLKU" failures="0" tests="2" name="EndtoEndvalidation.LoginValidation" time="3.095" errors="0" timestamp="2023-05-04T17:40:02 AEST" skipped="0">
  <testcase classname="EndtoEndvalidation.LoginValidation" name="VerifyTitle" time="1.048"/>
  <system-out/>
  <testcase classname="EndtoEndvalidation.LoginValidation" name="login" time="2.047"/>
  <system-out/>
</testsuite> <!-- EndtoEndvalidation.LoginValidation -->
