<?xml version="1.0" encoding="UTF-8"?>
<!-- Generated by org.testng.reporters.JUnitReportReporter -->
<testsuite hostname="DESKTOP-PU2RLKU" failures="0" tests="2" name="EndtoEndvalidation.LoginValidation" time="4.238" errors="0" timestamp="2023-05-05T08:44:06 AEST" skipped="0">
  <testcase classname="EndtoEndvalidation.LoginValidation" name="VerifyTitle" time="1.557"/>
  <system-out/>
  <testcase classname="EndtoEndvalidation.LoginValidation" name="login" time="2.681"/>
  <system-out/>
</testsuite> <!-- EndtoEndvalidation.LoginValidation -->
