<?xml version="1.0" encoding="UTF-8"?>
<!-- Generated by org.testng.reporters.JUnitReportReporter -->
<testsuite hostname="DESKTOP-PU2RLKU" failures="0" tests="2" name="EndtoEndvalidation.EndtoEndvalidation" time="7.781" errors="0" timestamp="2023-05-04T17:39:41 AEST" skipped="0">
  <testcase classname="EndtoEndvalidation.EndtoEndvalidation" name="VerifyTitle" time="1.105"/>
  <system-out/>
  <testcase classname="EndtoEndvalidation.EndtoEndvalidation" name="EndToEnd" time="6.676"/>
  <system-out/>
</testsuite> <!-- EndtoEndvalidation.EndtoEndvalidation -->
