<?xml version="1.0" encoding="UTF-8"?>
<!-- Generated by org.testng.reporters.JUnitReportReporter -->
<testsuite hostname="DESKTOP-PU2RLKU" failures="0" tests="2" name="EndtoEndvalidation.EndtoEndvalidation" time="19.314" errors="0" timestamp="2023-05-05T08:41:40 AEST" skipped="0">
  <testcase classname="EndtoEndvalidation.EndtoEndvalidation" name="VerifyTitle" time="1.440"/>
  <system-out/>
  <testcase classname="EndtoEndvalidation.EndtoEndvalidation" name="EndToEnd" time="17.874"/>
  <system-out/>
</testsuite> <!-- EndtoEndvalidation.EndtoEndvalidation -->
